DEBUG - 2025-06-25 13:55:20 --> Session: Class initialized using 'CodeIgniter\Session\Handlers\FileHandler' driver.
DEBUG - 2025-06-25 13:56:34 --> Session: Class initialized using 'CodeIgniter\Session\Handlers\FileHandler' driver.
DEBUG - 2025-06-25 13:56:48 --> Session: Class initialized using 'CodeIgniter\Session\Handlers\FileHandler' driver.
DEBUG - 2025-06-25 13:57:07 --> Session: Class initialized using 'CodeIgniter\Session\Handlers\FileHandler' driver.
DEBUG - 2025-06-25 13:57:13 --> Session: Class initialized using 'CodeIgniter\Session\Handlers\FileHandler' driver.
DEBUG - 2025-06-25 13:57:13 --> Session: Class initialized using 'CodeIgniter\Session\Handlers\FileHandler' driver.
DEBUG - 2025-06-25 13:57:18 --> Session: Class initialized using 'CodeIgniter\Session\Handlers\FileHandler' driver.
INFO - 2025-06-25 13:57:18 --> Cart Class Initialized
DEBUG - 2025-06-25 13:57:18 --> Session: Class initialized using 'CodeIgniter\Session\Handlers\FileHandler' driver.
INFO - 2025-06-25 13:57:18 --> Cart Class Initialized
CRITICAL - 2025-06-25 14:00:41 --> ParseError: syntax error, unexpected token "<", expecting end of file
[Method: GET, Route: ver_carrito]
in APPPATH\Config\Routes.php on line 61.
 1 SYSTEMPATH\CodeIgniter.php(821): CodeIgniter\Router\RouteCollection->loadRoutes()
 2 SYSTEMPATH\CodeIgniter.php(455): CodeIgniter\CodeIgniter->tryToRouteIt(null)
 3 SYSTEMPATH\CodeIgniter.php(354): CodeIgniter\CodeIgniter->handleRequest(null, Object(Config\Cache), false)
 4 SYSTEMPATH\Boot.php(334): CodeIgniter\CodeIgniter->run()
 5 SYSTEMPATH\Boot.php(67): CodeIgniter\Boot::runCodeIgniter(Object(CodeIgniter\CodeIgniter))
 6 FCPATH\index.php(56): CodeIgniter\Boot::bootWeb(Object(Config\Paths))
DEBUG - 2025-06-25 14:01:33 --> Session: Class initialized using 'CodeIgniter\Session\Handlers\FileHandler' driver.
DEBUG - 2025-06-25 14:03:31 --> Session: Class initialized using 'CodeIgniter\Session\Handlers\FileHandler' driver.
DEBUG - 2025-06-25 14:03:36 --> Session: Class initialized using 'CodeIgniter\Session\Handlers\FileHandler' driver.
DEBUG - 2025-06-25 14:03:59 --> Session: Class initialized using 'CodeIgniter\Session\Handlers\FileHandler' driver.
DEBUG - 2025-06-25 14:04:13 --> Session: Class initialized using 'CodeIgniter\Session\Handlers\FileHandler' driver.
DEBUG - 2025-06-25 14:04:17 --> Session: Class initialized using 'CodeIgniter\Session\Handlers\FileHandler' driver.
INFO - 2025-06-25 14:04:17 --> Cart Class Initialized
DEBUG - 2025-06-25 14:04:18 --> Session: Class initialized using 'CodeIgniter\Session\Handlers\FileHandler' driver.
INFO - 2025-06-25 14:04:18 --> Cart Class Initialized
DEBUG - 2025-06-25 14:04:24 --> Session: Class initialized using 'CodeIgniter\Session\Handlers\FileHandler' driver.
INFO - 2025-06-25 14:04:24 --> Cart Class Initialized
DEBUG - 2025-06-25 14:04:24 --> Session: Class initialized using 'CodeIgniter\Session\Handlers\FileHandler' driver.
INFO - 2025-06-25 14:04:24 --> Cart Class Initialized
DEBUG - 2025-06-25 14:04:30 --> Session: Class initialized using 'CodeIgniter\Session\Handlers\FileHandler' driver.
INFO - 2025-06-25 14:04:30 --> Cart Class Initialized
DEBUG - 2025-06-25 14:04:30 --> Session: Class initialized using 'CodeIgniter\Session\Handlers\FileHandler' driver.
INFO - 2025-06-25 14:04:30 --> Cart Class Initialized
DEBUG - 2025-06-25 14:04:30 --> Session: Class initialized using 'CodeIgniter\Session\Handlers\FileHandler' driver.
INFO - 2025-06-25 14:04:30 --> Cart Class Initialized
DEBUG - 2025-06-25 14:04:30 --> Session: Class initialized using 'CodeIgniter\Session\Handlers\FileHandler' driver.
INFO - 2025-06-25 14:04:30 --> Cart Class Initialized
DEBUG - 2025-06-25 14:04:30 --> Session: Class initialized using 'CodeIgniter\Session\Handlers\FileHandler' driver.
INFO - 2025-06-25 14:04:30 --> Cart Class Initialized
DEBUG - 2025-06-25 14:04:32 --> Session: Class initialized using 'CodeIgniter\Session\Handlers\FileHandler' driver.
INFO - 2025-06-25 14:04:32 --> Cart Class Initialized
DEBUG - 2025-06-25 14:04:32 --> Session: Class initialized using 'CodeIgniter\Session\Handlers\FileHandler' driver.
INFO - 2025-06-25 14:04:32 --> Cart Class Initialized
DEBUG - 2025-06-25 14:04:33 --> Session: Class initialized using 'CodeIgniter\Session\Handlers\FileHandler' driver.
INFO - 2025-06-25 14:04:33 --> Cart Class Initialized
DEBUG - 2025-06-25 14:04:33 --> Session: Class initialized using 'CodeIgniter\Session\Handlers\FileHandler' driver.
INFO - 2025-06-25 14:04:33 --> Cart Class Initialized
DEBUG - 2025-06-25 14:04:34 --> Session: Class initialized using 'CodeIgniter\Session\Handlers\FileHandler' driver.
INFO - 2025-06-25 14:04:34 --> Cart Class Initialized
DEBUG - 2025-06-25 14:04:35 --> Session: Class initialized using 'CodeIgniter\Session\Handlers\FileHandler' driver.
INFO - 2025-06-25 14:04:35 --> Cart Class Initialized
DEBUG - 2025-06-25 14:04:36 --> Session: Class initialized using 'CodeIgniter\Session\Handlers\FileHandler' driver.
INFO - 2025-06-25 14:04:36 --> Cart Class Initialized
DEBUG - 2025-06-25 14:04:36 --> Session: Class initialized using 'CodeIgniter\Session\Handlers\FileHandler' driver.
INFO - 2025-06-25 14:04:36 --> Cart Class Initialized
DEBUG - 2025-06-25 14:04:39 --> Session: Class initialized using 'CodeIgniter\Session\Handlers\FileHandler' driver.
INFO - 2025-06-25 14:04:39 --> Cart Class Initialized
DEBUG - 2025-06-25 14:04:39 --> Session: Class initialized using 'CodeIgniter\Session\Handlers\FileHandler' driver.
INFO - 2025-06-25 14:04:39 --> Cart Class Initialized
DEBUG - 2025-06-25 14:04:40 --> Session: Class initialized using 'CodeIgniter\Session\Handlers\FileHandler' driver.
INFO - 2025-06-25 14:04:40 --> Cart Class Initialized
DEBUG - 2025-06-25 14:04:40 --> Session: Class initialized using 'CodeIgniter\Session\Handlers\FileHandler' driver.
INFO - 2025-06-25 14:04:40 --> Cart Class Initialized
DEBUG - 2025-06-25 14:04:44 --> Session: Class initialized using 'CodeIgniter\Session\Handlers\FileHandler' driver.
INFO - 2025-06-25 14:04:44 --> Cart Class Initialized
DEBUG - 2025-06-25 14:04:44 --> Session: Class initialized using 'CodeIgniter\Session\Handlers\FileHandler' driver.
INFO - 2025-06-25 14:04:44 --> Cart Class Initialized
DEBUG - 2025-06-25 14:04:51 --> Session: Class initialized using 'CodeIgniter\Session\Handlers\FileHandler' driver.
INFO - 2025-06-25 14:04:51 --> Cart Class Initialized
DEBUG - 2025-06-25 14:04:52 --> Session: Class initialized using 'CodeIgniter\Session\Handlers\FileHandler' driver.
INFO - 2025-06-25 14:04:52 --> Cart Class Initialized
DEBUG - 2025-06-25 14:04:55 --> Session: Class initialized using 'CodeIgniter\Session\Handlers\FileHandler' driver.
INFO - 2025-06-25 14:04:55 --> Cart Class Initialized
DEBUG - 2025-06-25 14:04:56 --> Session: Class initialized using 'CodeIgniter\Session\Handlers\FileHandler' driver.
INFO - 2025-06-25 14:04:56 --> Cart Class Initialized
DEBUG - 2025-06-25 14:05:01 --> Session: Class initialized using 'CodeIgniter\Session\Handlers\FileHandler' driver.
INFO - 2025-06-25 14:05:01 --> Cart Class Initialized
DEBUG - 2025-06-25 14:05:01 --> Session: Class initialized using 'CodeIgniter\Session\Handlers\FileHandler' driver.
INFO - 2025-06-25 14:05:01 --> Cart Class Initialized
DEBUG - 2025-06-25 14:09:13 --> Session: Class initialized using 'CodeIgniter\Session\Handlers\FileHandler' driver.
INFO - 2025-06-25 14:09:13 --> Cart Class Initialized
DEBUG - 2025-06-25 14:09:20 --> Session: Class initialized using 'CodeIgniter\Session\Handlers\FileHandler' driver.
INFO - 2025-06-25 14:09:20 --> Cart Class Initialized
DEBUG - 2025-06-25 14:09:25 --> Session: Class initialized using 'CodeIgniter\Session\Handlers\FileHandler' driver.
INFO - 2025-06-25 14:09:25 --> Cart Class Initialized
DEBUG - 2025-06-25 14:11:15 --> Session: Class initialized using 'CodeIgniter\Session\Handlers\FileHandler' driver.
INFO - 2025-06-25 14:11:15 --> Cart Class Initialized
DEBUG - 2025-06-25 14:11:17 --> Session: Class initialized using 'CodeIgniter\Session\Handlers\FileHandler' driver.
INFO - 2025-06-25 14:11:17 --> Cart Class Initialized
DEBUG - 2025-06-25 14:11:17 --> Session: Class initialized using 'CodeIgniter\Session\Handlers\FileHandler' driver.
INFO - 2025-06-25 14:11:17 --> Cart Class Initialized
DEBUG - 2025-06-25 14:11:18 --> Session: Class initialized using 'CodeIgniter\Session\Handlers\FileHandler' driver.
INFO - 2025-06-25 14:11:18 --> Cart Class Initialized
DEBUG - 2025-06-25 14:16:32 --> Session: Class initialized using 'CodeIgniter\Session\Handlers\FileHandler' driver.
INFO - 2025-06-25 14:16:32 --> Cart Class Initialized
DEBUG - 2025-06-25 14:16:36 --> Session: Class initialized using 'CodeIgniter\Session\Handlers\FileHandler' driver.
INFO - 2025-06-25 14:16:36 --> Cart Class Initialized
DEBUG - 2025-06-25 14:16:40 --> Session: Class initialized using 'CodeIgniter\Session\Handlers\FileHandler' driver.
INFO - 2025-06-25 14:16:40 --> Cart Class Initialized
DEBUG - 2025-06-25 14:20:37 --> Session: Class initialized using 'CodeIgniter\Session\Handlers\FileHandler' driver.
DEBUG - 2025-06-25 14:20:40 --> Session: Class initialized using 'CodeIgniter\Session\Handlers\FileHandler' driver.
DEBUG - 2025-06-25 14:20:43 --> Session: Class initialized using 'CodeIgniter\Session\Handlers\FileHandler' driver.
INFO - 2025-06-25 14:20:43 --> Cart Class Initialized
DEBUG - 2025-06-25 14:20:52 --> Session: Class initialized using 'CodeIgniter\Session\Handlers\FileHandler' driver.
DEBUG - 2025-06-25 14:20:59 --> Session: Class initialized using 'CodeIgniter\Session\Handlers\FileHandler' driver.
DEBUG - 2025-06-25 14:23:37 --> Session: Class initialized using 'CodeIgniter\Session\Handlers\FileHandler' driver.
DEBUG - 2025-06-25 14:27:04 --> Session: Class initialized using 'CodeIgniter\Session\Handlers\FileHandler' driver.
DEBUG - 2025-06-25 14:27:13 --> Session: Class initialized using 'CodeIgniter\Session\Handlers\FileHandler' driver.
DEBUG - 2025-06-25 14:27:18 --> Session: Class initialized using 'CodeIgniter\Session\Handlers\FileHandler' driver.
INFO - 2025-06-25 14:27:18 --> Cart Class Initialized
DEBUG - 2025-06-25 14:27:24 --> Session: Class initialized using 'CodeIgniter\Session\Handlers\FileHandler' driver.
INFO - 2025-06-25 14:27:24 --> Cart Class Initialized
DEBUG - 2025-06-25 14:27:45 --> Session: Class initialized using 'CodeIgniter\Session\Handlers\FileHandler' driver.
INFO - 2025-06-25 14:27:45 --> Cart Class Initialized
DEBUG - 2025-06-25 14:27:50 --> Session: Class initialized using 'CodeIgniter\Session\Handlers\FileHandler' driver.
INFO - 2025-06-25 14:27:50 --> Cart Class Initialized
DEBUG - 2025-06-25 14:27:57 --> Session: Class initialized using 'CodeIgniter\Session\Handlers\FileHandler' driver.
INFO - 2025-06-25 14:27:57 --> Cart Class Initialized
DEBUG - 2025-06-25 14:28:33 --> Session: Class initialized using 'CodeIgniter\Session\Handlers\FileHandler' driver.
INFO - 2025-06-25 14:28:33 --> Cart Class Initialized
DEBUG - 2025-06-25 14:28:34 --> Session: Class initialized using 'CodeIgniter\Session\Handlers\FileHandler' driver.
INFO - 2025-06-25 14:28:34 --> Cart Class Initialized
DEBUG - 2025-06-25 14:28:37 --> Session: Class initialized using 'CodeIgniter\Session\Handlers\FileHandler' driver.
INFO - 2025-06-25 14:28:37 --> Cart Class Initialized
DEBUG - 2025-06-25 14:28:38 --> Session: Class initialized using 'CodeIgniter\Session\Handlers\FileHandler' driver.
INFO - 2025-06-25 14:28:38 --> Cart Class Initialized
DEBUG - 2025-06-25 14:28:45 --> Session: Class initialized using 'CodeIgniter\Session\Handlers\FileHandler' driver.
INFO - 2025-06-25 14:28:45 --> Cart Class Initialized
DEBUG - 2025-06-25 14:28:55 --> Session: Class initialized using 'CodeIgniter\Session\Handlers\FileHandler' driver.
INFO - 2025-06-25 14:28:55 --> Cart Class Initialized
DEBUG - 2025-06-25 14:28:59 --> Session: Class initialized using 'CodeIgniter\Session\Handlers\FileHandler' driver.
INFO - 2025-06-25 14:28:59 --> Cart Class Initialized
DEBUG - 2025-06-25 14:29:08 --> Session: Class initialized using 'CodeIgniter\Session\Handlers\FileHandler' driver.
INFO - 2025-06-25 14:29:08 --> Cart Class Initialized
DEBUG - 2025-06-25 14:29:08 --> Session: Class initialized using 'CodeIgniter\Session\Handlers\FileHandler' driver.
INFO - 2025-06-25 14:29:08 --> Cart Class Initialized
DEBUG - 2025-06-25 14:29:13 --> Session: Class initialized using 'CodeIgniter\Session\Handlers\FileHandler' driver.
INFO - 2025-06-25 14:29:13 --> Cart Class Initialized
DEBUG - 2025-06-25 14:29:23 --> Session: Class initialized using 'CodeIgniter\Session\Handlers\FileHandler' driver.
INFO - 2025-06-25 14:29:23 --> Cart Class Initialized
DEBUG - 2025-06-25 14:29:28 --> Session: Class initialized using 'CodeIgniter\Session\Handlers\FileHandler' driver.
INFO - 2025-06-25 14:29:28 --> Cart Class Initialized
DEBUG - 2025-06-25 14:29:31 --> Session: Class initialized using 'CodeIgniter\Session\Handlers\FileHandler' driver.
INFO - 2025-06-25 14:29:31 --> Cart Class Initialized
DEBUG - 2025-06-25 14:29:33 --> Session: Class initialized using 'CodeIgniter\Session\Handlers\FileHandler' driver.
INFO - 2025-06-25 14:29:33 --> Cart Class Initialized
DEBUG - 2025-06-25 14:29:36 --> Session: Class initialized using 'CodeIgniter\Session\Handlers\FileHandler' driver.
INFO - 2025-06-25 14:29:36 --> Cart Class Initialized
DEBUG - 2025-06-25 14:29:38 --> Session: Class initialized using 'CodeIgniter\Session\Handlers\FileHandler' driver.
INFO - 2025-06-25 14:29:38 --> Cart Class Initialized
DEBUG - 2025-06-25 14:29:40 --> Session: Class initialized using 'CodeIgniter\Session\Handlers\FileHandler' driver.
INFO - 2025-06-25 14:29:40 --> Cart Class Initialized
DEBUG - 2025-06-25 14:29:43 --> Session: Class initialized using 'CodeIgniter\Session\Handlers\FileHandler' driver.
INFO - 2025-06-25 14:29:43 --> Cart Class Initialized
DEBUG - 2025-06-25 14:29:43 --> Session: Class initialized using 'CodeIgniter\Session\Handlers\FileHandler' driver.
INFO - 2025-06-25 14:29:43 --> Cart Class Initialized
DEBUG - 2025-06-25 14:29:46 --> Session: Class initialized using 'CodeIgniter\Session\Handlers\FileHandler' driver.
INFO - 2025-06-25 14:29:46 --> Cart Class Initialized
DEBUG - 2025-06-25 14:29:46 --> Session: Class initialized using 'CodeIgniter\Session\Handlers\FileHandler' driver.
INFO - 2025-06-25 14:29:46 --> Cart Class Initialized
DEBUG - 2025-06-25 14:29:48 --> Session: Class initialized using 'CodeIgniter\Session\Handlers\FileHandler' driver.
INFO - 2025-06-25 14:29:48 --> Cart Class Initialized
DEBUG - 2025-06-25 14:29:50 --> Session: Class initialized using 'CodeIgniter\Session\Handlers\FileHandler' driver.
INFO - 2025-06-25 14:29:50 --> Cart Class Initialized
DEBUG - 2025-06-25 14:29:51 --> Session: Class initialized using 'CodeIgniter\Session\Handlers\FileHandler' driver.
INFO - 2025-06-25 14:29:51 --> Cart Class Initialized
DEBUG - 2025-06-25 14:30:19 --> Session: Class initialized using 'CodeIgniter\Session\Handlers\FileHandler' driver.
INFO - 2025-06-25 14:30:19 --> Cart Class Initialized
DEBUG - 2025-06-25 14:31:16 --> Session: Class initialized using 'CodeIgniter\Session\Handlers\FileHandler' driver.
INFO - 2025-06-25 14:31:16 --> Cart Class Initialized
DEBUG - 2025-06-25 14:31:40 --> Session: Class initialized using 'CodeIgniter\Session\Handlers\FileHandler' driver.
INFO - 2025-06-25 14:31:40 --> Cart Class Initialized
DEBUG - 2025-06-25 14:31:40 --> Session: Class initialized using 'CodeIgniter\Session\Handlers\FileHandler' driver.
INFO - 2025-06-25 14:31:40 --> Cart Class Initialized
DEBUG - 2025-06-25 14:34:26 --> Session: Class initialized using 'CodeIgniter\Session\Handlers\FileHandler' driver.
INFO - 2025-06-25 14:34:26 --> Cart Class Initialized
DEBUG - 2025-06-25 14:34:32 --> Session: Class initialized using 'CodeIgniter\Session\Handlers\FileHandler' driver.
INFO - 2025-06-25 14:34:32 --> Cart Class Initialized
DEBUG - 2025-06-25 14:34:32 --> Session: Class initialized using 'CodeIgniter\Session\Handlers\FileHandler' driver.
INFO - 2025-06-25 14:34:32 --> Cart Class Initialized
DEBUG - 2025-06-25 14:34:40 --> Session: Class initialized using 'CodeIgniter\Session\Handlers\FileHandler' driver.
INFO - 2025-06-25 14:34:40 --> Cart Class Initialized
DEBUG - 2025-06-25 14:34:45 --> Session: Class initialized using 'CodeIgniter\Session\Handlers\FileHandler' driver.
INFO - 2025-06-25 14:34:45 --> Cart Class Initialized
WARNING - 2025-06-25 14:34:45 --> [DEPRECATED] Optional parameter $type declared before required parameter $errors is implicitly treated as a required parameter in APPPATH\Views\contenido\mi_cuenta.php on line 48.
 1 SYSTEMPATH\View\View.php(224): include('C:\\xampp\\htdocs\\BarDeComidas_AcostaLara_BenitezValentina\\system\\Debug\\Exceptions.php')
 2 SYSTEMPATH\View\View.php(227): CodeIgniter\View\View->CodeIgniter\View\{closure}()
 3 SYSTEMPATH\Common.php(1173): CodeIgniter\View\View->render('contenido/mi_cuenta', [], true)
 4 APPPATH\Controllers\sesion_controller.php(140): view('contenido/mi_cuenta', [...])
 5 SYSTEMPATH\CodeIgniter.php(933): App\Controllers\Sesion_controller->mi_cuenta()
 6 SYSTEMPATH\CodeIgniter.php(507): CodeIgniter\CodeIgniter->runController(Object(App\Controllers\Sesion_controller))
 7 SYSTEMPATH\CodeIgniter.php(354): CodeIgniter\CodeIgniter->handleRequest(null, Object(Config\Cache), false)
 8 SYSTEMPATH\Boot.php(334): CodeIgniter\CodeIgniter->run()
 9 SYSTEMPATH\Boot.php(67): CodeIgniter\Boot::runCodeIgniter(Object(CodeIgniter\CodeIgniter))
10 FCPATH\index.php(56): CodeIgniter\Boot::bootWeb(Object(Config\Paths))
DEBUG - 2025-06-25 14:36:08 --> Session: Class initialized using 'CodeIgniter\Session\Handlers\FileHandler' driver.
INFO - 2025-06-25 14:36:08 --> Cart Class Initialized
DEBUG - 2025-06-25 14:36:09 --> Session: Class initialized using 'CodeIgniter\Session\Handlers\FileHandler' driver.
INFO - 2025-06-25 14:36:09 --> Cart Class Initialized
DEBUG - 2025-06-25 14:36:10 --> Session: Class initialized using 'CodeIgniter\Session\Handlers\FileHandler' driver.
INFO - 2025-06-25 14:36:10 --> Cart Class Initialized
DEBUG - 2025-06-25 14:36:13 --> Session: Class initialized using 'CodeIgniter\Session\Handlers\FileHandler' driver.
INFO - 2025-06-25 14:36:13 --> Cart Class Initialized
DEBUG - 2025-06-25 14:36:13 --> Session: Class initialized using 'CodeIgniter\Session\Handlers\FileHandler' driver.
INFO - 2025-06-25 14:36:13 --> Cart Class Initialized
<<<<<<< HEAD
DEBUG - 2025-06-25 14:59:11 --> Session: Class initialized using 'CodeIgniter\Session\Handlers\FileHandler' driver.
INFO - 2025-06-25 14:59:11 --> Cart Class Initialized
DEBUG - 2025-06-25 14:59:20 --> Session: Class initialized using 'CodeIgniter\Session\Handlers\FileHandler' driver.
INFO - 2025-06-25 14:59:20 --> Cart Class Initialized
DEBUG - 2025-06-25 14:59:22 --> Session: Class initialized using 'CodeIgniter\Session\Handlers\FileHandler' driver.
INFO - 2025-06-25 14:59:22 --> Cart Class Initialized
DEBUG - 2025-06-25 14:59:22 --> Session: Class initialized using 'CodeIgniter\Session\Handlers\FileHandler' driver.
INFO - 2025-06-25 14:59:22 --> Cart Class Initialized
DEBUG - 2025-06-25 14:59:30 --> Session: Class initialized using 'CodeIgniter\Session\Handlers\FileHandler' driver.
INFO - 2025-06-25 14:59:30 --> Cart Class Initialized
DEBUG - 2025-06-25 14:59:31 --> Session: Class initialized using 'CodeIgniter\Session\Handlers\FileHandler' driver.
INFO - 2025-06-25 14:59:31 --> Cart Class Initialized
DEBUG - 2025-06-25 14:59:34 --> Session: Class initialized using 'CodeIgniter\Session\Handlers\FileHandler' driver.
INFO - 2025-06-25 14:59:34 --> Cart Class Initialized
WARNING - 2025-06-25 14:59:34 --> [DEPRECATED] Optional parameter $type declared before required parameter $errors is implicitly treated as a required parameter in APPPATH\Views\contenido\mi_cuenta.php on line 48.
 1 SYSTEMPATH\View\View.php(224): include('C:\\xampp\\htdocs\\BarDeComidas_AcostaLara_BenitezValentina\\system\\Debug\\Exceptions.php')
 2 SYSTEMPATH\View\View.php(227): CodeIgniter\View\View->CodeIgniter\View\{closure}()
 3 SYSTEMPATH\Common.php(1173): CodeIgniter\View\View->render('contenido/mi_cuenta', [], true)
 4 APPPATH\Controllers\sesion_controller.php(140): view('contenido/mi_cuenta', [...])
 5 SYSTEMPATH\CodeIgniter.php(933): App\Controllers\Sesion_controller->mi_cuenta()
 6 SYSTEMPATH\CodeIgniter.php(507): CodeIgniter\CodeIgniter->runController(Object(App\Controllers\Sesion_controller))
 7 SYSTEMPATH\CodeIgniter.php(354): CodeIgniter\CodeIgniter->handleRequest(null, Object(Config\Cache), false)
 8 SYSTEMPATH\Boot.php(334): CodeIgniter\CodeIgniter->run()
 9 SYSTEMPATH\Boot.php(67): CodeIgniter\Boot::runCodeIgniter(Object(CodeIgniter\CodeIgniter))
10 FCPATH\index.php(56): CodeIgniter\Boot::bootWeb(Object(Config\Paths))
DEBUG - 2025-06-25 14:59:43 --> Session: Class initialized using 'CodeIgniter\Session\Handlers\FileHandler' driver.
DEBUG - 2025-06-25 14:59:43 --> Session: Class initialized using 'CodeIgniter\Session\Handlers\FileHandler' driver.
INFO - 2025-06-25 14:59:43 --> Cart Class Initialized
WARNING - 2025-06-25 14:59:43 --> [DEPRECATED] Optional parameter $type declared before required parameter $errors is implicitly treated as a required parameter in APPPATH\Views\contenido\mi_cuenta.php on line 48.
 1 SYSTEMPATH\View\View.php(224): include('C:\\xampp\\htdocs\\BarDeComidas_AcostaLara_BenitezValentina\\system\\Debug\\Exceptions.php')
 2 SYSTEMPATH\View\View.php(227): CodeIgniter\View\View->CodeIgniter\View\{closure}()
 3 SYSTEMPATH\Common.php(1173): CodeIgniter\View\View->render('contenido/mi_cuenta', [], true)
 4 APPPATH\Controllers\sesion_controller.php(140): view('contenido/mi_cuenta', [...])
 5 SYSTEMPATH\CodeIgniter.php(933): App\Controllers\Sesion_controller->mi_cuenta()
 6 SYSTEMPATH\CodeIgniter.php(507): CodeIgniter\CodeIgniter->runController(Object(App\Controllers\Sesion_controller))
 7 SYSTEMPATH\CodeIgniter.php(354): CodeIgniter\CodeIgniter->handleRequest(null, Object(Config\Cache), false)
 8 SYSTEMPATH\Boot.php(334): CodeIgniter\CodeIgniter->run()
 9 SYSTEMPATH\Boot.php(67): CodeIgniter\Boot::runCodeIgniter(Object(CodeIgniter\CodeIgniter))
10 FCPATH\index.php(56): CodeIgniter\Boot::bootWeb(Object(Config\Paths))
DEBUG - 2025-06-25 15:13:16 --> Session: Class initialized using 'CodeIgniter\Session\Handlers\FileHandler' driver.
INFO - 2025-06-25 15:13:16 --> Cart Class Initialized
DEBUG - 2025-06-25 15:13:26 --> Session: Class initialized using 'CodeIgniter\Session\Handlers\FileHandler' driver.
INFO - 2025-06-25 15:13:26 --> Cart Class Initialized
WARNING - 2025-06-25 15:13:26 --> [DEPRECATED] Optional parameter $type declared before required parameter $errors is implicitly treated as a required parameter in APPPATH\Views\contenido\mi_cuenta.php on line 48.
 1 SYSTEMPATH\View\View.php(224): include('C:\\xampp\\htdocs\\BarDeComidas_AcostaLara_BenitezValentina\\system\\Debug\\Exceptions.php')
 2 SYSTEMPATH\View\View.php(227): CodeIgniter\View\View->CodeIgniter\View\{closure}()
 3 SYSTEMPATH\Common.php(1173): CodeIgniter\View\View->render('contenido/mi_cuenta', [], true)
 4 APPPATH\Controllers\sesion_controller.php(140): view('contenido/mi_cuenta', [...])
 5 SYSTEMPATH\CodeIgniter.php(933): App\Controllers\Sesion_controller->mi_cuenta()
 6 SYSTEMPATH\CodeIgniter.php(507): CodeIgniter\CodeIgniter->runController(Object(App\Controllers\Sesion_controller))
 7 SYSTEMPATH\CodeIgniter.php(354): CodeIgniter\CodeIgniter->handleRequest(null, Object(Config\Cache), false)
 8 SYSTEMPATH\Boot.php(334): CodeIgniter\CodeIgniter->run()
 9 SYSTEMPATH\Boot.php(67): CodeIgniter\Boot::runCodeIgniter(Object(CodeIgniter\CodeIgniter))
10 FCPATH\index.php(56): CodeIgniter\Boot::bootWeb(Object(Config\Paths))
DEBUG - 2025-06-25 15:13:55 --> Session: Class initialized using 'CodeIgniter\Session\Handlers\FileHandler' driver.
INFO - 2025-06-25 15:13:56 --> Cart Class Initialized
WARNING - 2025-06-25 15:13:56 --> [DEPRECATED] Optional parameter $type declared before required parameter $errors is implicitly treated as a required parameter in APPPATH\Views\contenido\mi_cuenta.php on line 48.
 1 SYSTEMPATH\View\View.php(224): include('C:\\xampp\\htdocs\\BarDeComidas_AcostaLara_BenitezValentina\\system\\Debug\\Exceptions.php')
 2 SYSTEMPATH\View\View.php(227): CodeIgniter\View\View->CodeIgniter\View\{closure}()
 3 SYSTEMPATH\Common.php(1173): CodeIgniter\View\View->render('contenido/mi_cuenta', [], true)
 4 APPPATH\Controllers\sesion_controller.php(140): view('contenido/mi_cuenta', [...])
 5 SYSTEMPATH\CodeIgniter.php(933): App\Controllers\Sesion_controller->mi_cuenta()
 6 SYSTEMPATH\CodeIgniter.php(507): CodeIgniter\CodeIgniter->runController(Object(App\Controllers\Sesion_controller))
 7 SYSTEMPATH\CodeIgniter.php(354): CodeIgniter\CodeIgniter->handleRequest(null, Object(Config\Cache), false)
 8 SYSTEMPATH\Boot.php(334): CodeIgniter\CodeIgniter->run()
 9 SYSTEMPATH\Boot.php(67): CodeIgniter\Boot::runCodeIgniter(Object(CodeIgniter\CodeIgniter))
10 FCPATH\index.php(56): CodeIgniter\Boot::bootWeb(Object(Config\Paths))
DEBUG - 2025-06-25 15:13:59 --> Session: Class initialized using 'CodeIgniter\Session\Handlers\FileHandler' driver.
INFO - 2025-06-25 15:13:59 --> Cart Class Initialized
WARNING - 2025-06-25 15:13:59 --> [DEPRECATED] Optional parameter $type declared before required parameter $errors is implicitly treated as a required parameter in APPPATH\Views\contenido\mi_cuenta.php on line 48.
 1 SYSTEMPATH\View\View.php(224): include('C:\\xampp\\htdocs\\BarDeComidas_AcostaLara_BenitezValentina\\system\\Debug\\Exceptions.php')
 2 SYSTEMPATH\View\View.php(227): CodeIgniter\View\View->CodeIgniter\View\{closure}()
 3 SYSTEMPATH\Common.php(1173): CodeIgniter\View\View->render('contenido/mi_cuenta', [], true)
 4 APPPATH\Controllers\sesion_controller.php(140): view('contenido/mi_cuenta', [...])
 5 SYSTEMPATH\CodeIgniter.php(933): App\Controllers\Sesion_controller->mi_cuenta()
 6 SYSTEMPATH\CodeIgniter.php(507): CodeIgniter\CodeIgniter->runController(Object(App\Controllers\Sesion_controller))
 7 SYSTEMPATH\CodeIgniter.php(354): CodeIgniter\CodeIgniter->handleRequest(null, Object(Config\Cache), false)
 8 SYSTEMPATH\Boot.php(334): CodeIgniter\CodeIgniter->run()
 9 SYSTEMPATH\Boot.php(67): CodeIgniter\Boot::runCodeIgniter(Object(CodeIgniter\CodeIgniter))
10 FCPATH\index.php(56): CodeIgniter\Boot::bootWeb(Object(Config\Paths))
DEBUG - 2025-06-25 15:14:02 --> Session: Class initialized using 'CodeIgniter\Session\Handlers\FileHandler' driver.
INFO - 2025-06-25 15:14:02 --> Cart Class Initialized
WARNING - 2025-06-25 15:14:02 --> [DEPRECATED] Optional parameter $type declared before required parameter $errors is implicitly treated as a required parameter in APPPATH\Views\contenido\mi_cuenta.php on line 48.
 1 SYSTEMPATH\View\View.php(224): include('C:\\xampp\\htdocs\\BarDeComidas_AcostaLara_BenitezValentina\\system\\Debug\\Exceptions.php')
 2 SYSTEMPATH\View\View.php(227): CodeIgniter\View\View->CodeIgniter\View\{closure}()
 3 SYSTEMPATH\Common.php(1173): CodeIgniter\View\View->render('contenido/mi_cuenta', [], true)
 4 APPPATH\Controllers\sesion_controller.php(140): view('contenido/mi_cuenta', [...])
 5 SYSTEMPATH\CodeIgniter.php(933): App\Controllers\Sesion_controller->mi_cuenta()
 6 SYSTEMPATH\CodeIgniter.php(507): CodeIgniter\CodeIgniter->runController(Object(App\Controllers\Sesion_controller))
 7 SYSTEMPATH\CodeIgniter.php(354): CodeIgniter\CodeIgniter->handleRequest(null, Object(Config\Cache), false)
 8 SYSTEMPATH\Boot.php(334): CodeIgniter\CodeIgniter->run()
 9 SYSTEMPATH\Boot.php(67): CodeIgniter\Boot::runCodeIgniter(Object(CodeIgniter\CodeIgniter))
10 FCPATH\index.php(56): CodeIgniter\Boot::bootWeb(Object(Config\Paths))
DEBUG - 2025-06-25 15:14:05 --> Session: Class initialized using 'CodeIgniter\Session\Handlers\FileHandler' driver.
INFO - 2025-06-25 15:14:05 --> Cart Class Initialized
WARNING - 2025-06-25 15:14:05 --> [DEPRECATED] Optional parameter $type declared before required parameter $errors is implicitly treated as a required parameter in APPPATH\Views\contenido\mi_cuenta.php on line 48.
 1 SYSTEMPATH\View\View.php(224): include('C:\\xampp\\htdocs\\BarDeComidas_AcostaLara_BenitezValentina\\system\\Debug\\Exceptions.php')
 2 SYSTEMPATH\View\View.php(227): CodeIgniter\View\View->CodeIgniter\View\{closure}()
 3 SYSTEMPATH\Common.php(1173): CodeIgniter\View\View->render('contenido/mi_cuenta', [], true)
 4 APPPATH\Controllers\sesion_controller.php(140): view('contenido/mi_cuenta', [...])
 5 SYSTEMPATH\CodeIgniter.php(933): App\Controllers\Sesion_controller->mi_cuenta()
 6 SYSTEMPATH\CodeIgniter.php(507): CodeIgniter\CodeIgniter->runController(Object(App\Controllers\Sesion_controller))
 7 SYSTEMPATH\CodeIgniter.php(354): CodeIgniter\CodeIgniter->handleRequest(null, Object(Config\Cache), false)
 8 SYSTEMPATH\Boot.php(334): CodeIgniter\CodeIgniter->run()
 9 SYSTEMPATH\Boot.php(67): CodeIgniter\Boot::runCodeIgniter(Object(CodeIgniter\CodeIgniter))
10 FCPATH\index.php(56): CodeIgniter\Boot::bootWeb(Object(Config\Paths))
DEBUG - 2025-06-25 15:14:14 --> Session: Class initialized using 'CodeIgniter\Session\Handlers\FileHandler' driver.
INFO - 2025-06-25 15:14:14 --> Cart Class Initialized
DEBUG - 2025-06-25 15:14:21 --> Session: Class initialized using 'CodeIgniter\Session\Handlers\FileHandler' driver.
INFO - 2025-06-25 15:14:21 --> Cart Class Initialized
DEBUG - 2025-06-25 15:14:26 --> Session: Class initialized using 'CodeIgniter\Session\Handlers\FileHandler' driver.
INFO - 2025-06-25 15:14:26 --> Cart Class Initialized
DEBUG - 2025-06-25 15:14:30 --> Session: Class initialized using 'CodeIgniter\Session\Handlers\FileHandler' driver.
INFO - 2025-06-25 15:14:30 --> Cart Class Initialized
DEBUG - 2025-06-25 15:14:33 --> Session: Class initialized using 'CodeIgniter\Session\Handlers\FileHandler' driver.
INFO - 2025-06-25 15:14:33 --> Cart Class Initialized
DEBUG - 2025-06-25 15:14:37 --> Session: Class initialized using 'CodeIgniter\Session\Handlers\FileHandler' driver.
INFO - 2025-06-25 15:14:37 --> Cart Class Initialized
DEBUG - 2025-06-25 15:14:42 --> Session: Class initialized using 'CodeIgniter\Session\Handlers\FileHandler' driver.
INFO - 2025-06-25 15:14:42 --> Cart Class Initialized
=======
DEBUG - 2025-06-25 23:53:27 --> Session: Class initialized using 'CodeIgniter\Session\Handlers\FileHandler' driver.
DEBUG - 2025-06-25 23:53:33 --> Session: Class initialized using 'CodeIgniter\Session\Handlers\FileHandler' driver.
DEBUG - 2025-06-25 23:53:37 --> Session: Class initialized using 'CodeIgniter\Session\Handlers\FileHandler' driver.
DEBUG - 2025-06-25 23:53:37 --> Session: Class initialized using 'CodeIgniter\Session\Handlers\FileHandler' driver.
INFO - 2025-06-25 23:53:37 --> Cart Class Initialized
DEBUG - 2025-06-25 23:53:40 --> Session: Class initialized using 'CodeIgniter\Session\Handlers\FileHandler' driver.
DEBUG - 2025-06-25 23:53:40 --> Session: Class initialized using 'CodeIgniter\Session\Handlers\FileHandler' driver.
DEBUG - 2025-06-25 23:53:47 --> Session: Class initialized using 'CodeIgniter\Session\Handlers\FileHandler' driver.
DEBUG - 2025-06-25 23:53:47 --> Session: Class initialized using 'CodeIgniter\Session\Handlers\FileHandler' driver.
INFO - 2025-06-25 23:53:47 --> Cart Class Initialized
DEBUG - 2025-06-25 23:54:02 --> Session: Class initialized using 'CodeIgniter\Session\Handlers\FileHandler' driver.
DEBUG - 2025-06-25 23:54:02 --> Session: Class initialized using 'CodeIgniter\Session\Handlers\FileHandler' driver.
DEBUG - 2025-06-25 23:54:08 --> Session: Class initialized using 'CodeIgniter\Session\Handlers\FileHandler' driver.
DEBUG - 2025-06-25 23:54:09 --> Session: Class initialized using 'CodeIgniter\Session\Handlers\FileHandler' driver.
DEBUG - 2025-06-25 23:54:13 --> Session: Class initialized using 'CodeIgniter\Session\Handlers\FileHandler' driver.
DEBUG - 2025-06-25 23:54:18 --> Session: Class initialized using 'CodeIgniter\Session\Handlers\FileHandler' driver.
DEBUG - 2025-06-25 23:54:51 --> Session: Class initialized using 'CodeIgniter\Session\Handlers\FileHandler' driver.
DEBUG - 2025-06-25 23:55:12 --> Session: Class initialized using 'CodeIgniter\Session\Handlers\FileHandler' driver.
>>>>>>> 67485e303f22384ed08f78062b9a76b82e9b7126
